<?xml version="1.0" encoding="UTF-8"?>
<!-- Generated by org.testng.reporters.JUnitXMLReporter -->
<testsuite hostname="Hasans-MacBook-Pro.local" ignored="0" name="Default test" tests="3" failures="0" timestamp="30 Jul 2018 05:10:32 GMT" time="12.372" errors="0">
  <testcase name="checkHomePageTitle" time="0.013" classname="com.skyware.tests.SmokeTest"/>
  <testcase name="verifyRegistrationPageFields" time="1.791" classname="com.skyware.tests.SmokeTest"/>
  <testcase name="verifyMyAccountPageFields" time="6.443" classname="com.skyware.tests.SmokeTest"/>
</testsuite> <!-- Default test -->
