<?xml version="1.0" encoding="UTF-8"?>
<testng-results skipped="0" failed="0" ignored="0" total="1" passed="1">
  <reporter-output>
  </reporter-output>
  <suite name="Default suite" duration-ms="9783" started-at="2018-07-29T23:10:54Z" finished-at="2018-07-29T23:11:04Z">
    <groups>
    </groups>
    <test name="Default test" duration-ms="9783" started-at="2018-07-29T23:10:54Z" finished-at="2018-07-29T23:11:04Z">
      <class name="com.skyware.tests.SmokeTest">
        <test-method status="PASS" signature="setUp()[pri:0, instance:com.skyware.tests.SmokeTest@1e88b3c]" name="setUp" is-config="true" duration-ms="8270" started-at="2018-07-29T23:10:54Z" finished-at="2018-07-29T23:11:03Z">
          <reporter-output>
          </reporter-output>
        </test-method> <!-- setUp -->
        <test-method status="PASS" signature="checkHomePageTitle()[pri:0, instance:com.skyware.tests.SmokeTest@1e88b3c]" name="checkHomePageTitle" duration-ms="1433" started-at="2018-07-29T23:11:03Z" finished-at="2018-07-29T23:11:04Z">
          <reporter-output>
          </reporter-output>
        </test-method> <!-- checkHomePageTitle -->
      </class> <!-- com.skyware.tests.SmokeTest -->
    </test> <!-- Default test -->
  </suite> <!-- Default suite -->
</testng-results>
