<?xml version="1.0" encoding="UTF-8"?>
<testng-results skipped="0" failed="0" ignored="0" total="3" passed="3">
  <reporter-output>
  </reporter-output>
  <suite name="Default suite" duration-ms="12372" started-at="2018-07-30T05:10:20Z" finished-at="2018-07-30T05:10:32Z">
    <groups>
    </groups>
    <test name="Default test" duration-ms="12372" started-at="2018-07-30T05:10:20Z" finished-at="2018-07-30T05:10:32Z">
      <class name="com.skyware.tests.SmokeTest">
        <test-method status="PASS" signature="setUp()[pri:0, instance:com.skyware.tests.SmokeTest@32811494]" name="setUp" is-config="true" duration-ms="4100" started-at="2018-07-30T05:10:20Z" finished-at="2018-07-30T05:10:24Z">
          <reporter-output>
          </reporter-output>
        </test-method> <!-- setUp -->
        <test-method status="PASS" signature="checkHomePageTitle()[pri:0, instance:com.skyware.tests.SmokeTest@32811494]" name="checkHomePageTitle" duration-ms="13" started-at="2018-07-30T05:10:24Z" finished-at="2018-07-30T05:10:24Z">
          <reporter-output>
          </reporter-output>
        </test-method> <!-- checkHomePageTitle -->
        <test-method status="PASS" signature="verifyRegistrationPageFields()[pri:1, instance:com.skyware.tests.SmokeTest@32811494]" name="verifyRegistrationPageFields" duration-ms="1791" started-at="2018-07-30T05:10:24Z" finished-at="2018-07-30T05:10:26Z">
          <reporter-output>
          </reporter-output>
        </test-method> <!-- verifyRegistrationPageFields -->
        <test-method status="PASS" signature="verifyMyAccountPageFields()[pri:2, instance:com.skyware.tests.SmokeTest@32811494]" name="verifyMyAccountPageFields" duration-ms="6443" started-at="2018-07-30T05:10:26Z" finished-at="2018-07-30T05:10:32Z">
          <reporter-output>
          </reporter-output>
        </test-method> <!-- verifyMyAccountPageFields -->
      </class> <!-- com.skyware.tests.SmokeTest -->
    </test> <!-- Default test -->
  </suite> <!-- Default suite -->
</testng-results>
